PID 6485 received SIGSEGV for address: 0x84
/home/richard3/projects/node/node1/node_modules/segfault-handler/build/Release/segfault-handler.node(+0x3137)[0x7f0118278137]
/lib/x86_64-linux-gnu/libpthread.so.0(+0x12980)[0x7f0119290980]
node(_ZNK2v88internal13ScopeIterator15VisitLocalScopeERKSt8functionIFbNS0_6HandleINS0_6StringEEENS3_INS0_6ObjectEEEEENS1_4ModeE+0x16d)[0xc7a33d]
node(_ZN2v88internal13ScopeIterator11ScopeObjectENS1_4ModeE+0x6a)[0xc7a9da]
node(_ZN2v88internal13DebugEvaluate14ContextBuilderC1EPNS0_7IsolateEPNS0_15JavaScriptFrameEi+0xf0)[0xc753e0]
node(_ZN2v88internal13DebugEvaluate5LocalEPNS0_7IsolateENS0_12StackFrameIdEiNS0_6HandleINS0_6StringEEEb+0x75)[0xc75645]
node(_ZN2v88internal23DebugStackTraceIterator8EvaluateENS_5LocalINS_6StringEEEb+0x60)[0xc7bdb0]
node(_ZN12v8_inspector19V8DebuggerAgentImpl19evaluateOnCallFrameERKNS_8String16ES3_N8v8_crdtp4glue6detail10ValueMaybeIS1_EENS7_IbEES9_S9_S9_S9_NS7_IdEEPSt10unique_ptrINS_8protocol7Runtime12RemoteObjectESt14default_deleteISE_EEPNS6_8PtrMaybeINSD_16ExceptionDetailsEEE+0x236)[0x12602f6]
node(_ZN12v8_inspector8protocol8Debugger20DomainDispatcherImpl19evaluateOnCallFrameERKN8v8_crdtp12DispatchableEPNS0_15DictionaryValueEPNS3_12ErrorSupportE+0x59d)[0x133613d]
node[0x1328627]
node(_ZN8v8_crdtp14UberDispatcher14DispatchResult3RunEv+0x1b)[0x12a263b]
node(_ZN12v8_inspector22V8InspectorSessionImpl23dispatchProtocolMessageENS_10StringViewE+0x1a0)[0x126cb80]
node[0xaf4c41]
node[0xb16679]
node[0xb14b2e]
node[0xb14e7e]
node[0xb1529a]
node(_ZN4node11Environment21RunAndClearInterruptsEv+0x148)[0x9a3dd8]
node(_ZN4node9inspector19NodeInspectorClient21runMessageLoopOnPauseEi+0x8c)[0xafc18c]
node(_ZN12v8_inspector10V8Debugger18handleProgramBreakEN2v85LocalINS1_7ContextEEENS2_INS1_5ValueEEERKSt6vectorIiSaIiEENS1_5debug13ExceptionTypeEb+0x345)[0x124b8c5]
node(_ZN2v88internal5Debug12OnDebugBreakENS0_6HandleINS0_10FixedArrayEEE+0x1aa)[0xc879da]
node(_ZN2v88internal5Debug5BreakEPNS0_15JavaScriptFrameENS0_6HandleINS0_10JSFunctionEEE+0x319)[0xc88049]
node(_ZN2v88internal28Runtime_DebugBreakOnBytecodeEiPmPNS0_7IsolateE+0x270)[0x1047b20]
node[0x1400619]
